0 info it worked if it ends with ok
1 verbose cli [ '/usr/bin/node', '/usr/bin/npm', 'run', 'start' ]
2 info using npm@3.5.2
3 info using node@v8.10.0
4 verbose run-script [ 'prestart', 'start', 'poststart' ]
5 info lifecycle 07-web-server-express@1.0.0~prestart: 07-web-server-express@1.0.0
6 silly lifecycle 07-web-server-express@1.0.0~prestart: no script for prestart, continuing
7 info lifecycle 07-web-server-express@1.0.0~start: 07-web-server-express@1.0.0
8 verbose lifecycle 07-web-server-express@1.0.0~start: unsafe-perm in lifecycle true
9 verbose lifecycle 07-web-server-express@1.0.0~start: PATH: /usr/share/npm/bin/node-gyp-bin:/home/portiere/PROJECTS/NodeJS/NodeJS-DevCourse/07-08-web-server-express/node_modules/.bin:/home/portiere/PROJECTS/Streaming/Kafka/confluent-5.2.1/bin:/home/portiere/PROJECTS/Streaming/Kafka/confluent-5.2.1/bin:/opt/apache-maven-3.5.4/bin:/home/portiere/Cloud/nghiselli:/home/portiere/PROJECTS/IBM:.:/home/portiere/.vscode-server/bin/cd9ea6488829f560dc949a8b2fb789f3cdc05f5d/bin:/home/portiere/.local/bin:/home/portiere/PROJECTS/Streaming/Kafka/confluent-5.2.1/bin:/home/portiere/PROJECTS/Streaming/Kafka/confluent-5.2.1/bin:/opt/apache-maven-3.5.4/bin:/home/portiere/Cloud/nghiselli:/home/portiere/PROJECTS/IBM:.:/home/portiere/Tools/gradle/gradle-5.2.1/bin:/home/portiere/.vscode-server/bin/cd9ea6488829f560dc949a8b2fb789f3cdc05f5d/bin:/usr/local/sbin:/usr/local/bin:/usr/sbin:/usr/bin:/sbin:/bin:/usr/games:/usr/local/games:/home/portiere/PROJECTS/Streaming/Cassandra/apache-cassandra-3.0.18/bin:/usr/local/spark/bin:/usr/local/spark/sbin:/usr/local/scala/bin:/home/portiere/PROJECTS/Streaming/Cassandra/apache-cassandra-3.0.18/bin:/usr/local/spark/bin:/usr/local/spark/sbin:/usr/local/scala/bin:/snap/bin
10 verbose lifecycle 07-web-server-express@1.0.0~start: CWD: /home/portiere/PROJECTS/NodeJS/NodeJS-DevCourse/07-08-web-server-express
11 silly lifecycle 07-web-server-express@1.0.0~start: Args: [ '-c', 'node src/server.js' ]
12 silly lifecycle 07-web-server-express@1.0.0~start: Returned: code: 1  signal: null
13 info lifecycle 07-web-server-express@1.0.0~start: Failed to exec start script
14 verbose stack Error: 07-web-server-express@1.0.0 start: `node src/server.js`
14 verbose stack Exit status 1
14 verbose stack     at EventEmitter.<anonymous> (/usr/share/npm/lib/utils/lifecycle.js:232:16)
14 verbose stack     at emitTwo (events.js:126:13)
14 verbose stack     at EventEmitter.emit (events.js:214:7)
14 verbose stack     at ChildProcess.<anonymous> (/usr/share/npm/lib/utils/spawn.js:24:14)
14 verbose stack     at emitTwo (events.js:126:13)
14 verbose stack     at ChildProcess.emit (events.js:214:7)
14 verbose stack     at maybeClose (internal/child_process.js:925:16)
14 verbose stack     at Process.ChildProcess._handle.onexit (internal/child_process.js:209:5)
15 verbose pkgid 07-web-server-express@1.0.0
16 verbose cwd /home/portiere/PROJECTS/NodeJS/NodeJS-DevCourse/07-08-web-server-express
17 error Linux 4.15.0-106-generic
18 error argv "/usr/bin/node" "/usr/bin/npm" "run" "start"
19 error node v8.10.0
20 error npm  v3.5.2
21 error code ELIFECYCLE
22 error 07-web-server-express@1.0.0 start: `node src/server.js`
22 error Exit status 1
23 error Failed at the 07-web-server-express@1.0.0 start script 'node src/server.js'.
23 error Make sure you have the latest version of node.js and npm installed.
23 error If you do, this is most likely a problem with the 07-web-server-express package,
23 error not with npm itself.
23 error Tell the author that this fails on your system:
23 error     node src/server.js
23 error You can get information on how to open an issue for this project with:
23 error     npm bugs 07-web-server-express
23 error Or if that isn't available, you can get their info via:
23 error     npm owner ls 07-web-server-express
23 error There is likely additional logging output above.
24 verbose exit [ 1, true ]
